Running main() from gtest_main.cc
[==========] Running 19 tests from 1 test case.
[----------] Global test environment set-up.
[----------] 19 tests from Collatz
[ RUN      ] Collatz.read_1
[       OK ] Collatz.read_1 (26 ms)
[ RUN      ] Collatz.read_2
[       OK ] Collatz.read_2 (4 ms)
[ RUN      ] Collatz.read_3
[       OK ] Collatz.read_3 (5 ms)
[ RUN      ] Collatz.read_4
[       OK ] Collatz.read_4 (4 ms)
[ RUN      ] Collatz.eval_1
TestCollatz.c++:90: Failure
Value of: v == 20
  Actual: false
Expected: true
[  FAILED  ] Collatz.eval_1 (29 ms)
[ RUN      ] Collatz.eval_2
TestCollatz.c++:94: Failure
Value of: v == 125
  Actual: false
Expected: true
[  FAILED  ] Collatz.eval_2 (6 ms)
[ RUN      ] Collatz.eval_3
TestCollatz.c++:98: Failure
Value of: v == 89
  Actual: false
Expected: true
[  FAILED  ] Collatz.eval_3 (5 ms)
[ RUN      ] Collatz.eval_4
TestCollatz.c++:102: Failure
Value of: v == 174
  Actual: false
Expected: true
[  FAILED  ] Collatz.eval_4 (5 ms)
[ RUN      ] Collatz.eval_5
TestCollatz.c++:106: Failure
Value of: v == 470
  Actual: false
Expected: true
[  FAILED  ] Collatz.eval_5 (5 ms)
[ RUN      ] Collatz.eval_6
[       OK ] Collatz.eval_6 (2 ms)
[ RUN      ] Collatz.eval_7
TestCollatz.c++:114: Failure
Value of: v == 125
  Actual: false
Expected: true
[  FAILED  ] Collatz.eval_7 (5 ms)
[ RUN      ] Collatz.print
[       OK ] Collatz.print (14 ms)
[ RUN      ] Collatz.print_2
[       OK ] Collatz.print_2 (3 ms)
[ RUN      ] Collatz.print_3
[       OK ] Collatz.print_3 (3 ms)
[ RUN      ] Collatz.print_4
[       OK ] Collatz.print_4 (3 ms)
[ RUN      ] Collatz.solve_1
TestCollatz.c++:148: Failure
Value of: w.str() == "1 10 20\n100 200 125\n201 210 89\n900 1000 174\n"
  Actual: false
Expected: true
[  FAILED  ] Collatz.solve_1 (8 ms)
[ RUN      ] Collatz.solve_2
TestCollatz.c++:154: Failure
Value of: w.str() == "15934 27744 308\n17257 8120 276\n"
  Actual: false
Expected: true
[  FAILED  ] Collatz.solve_2 (6 ms)
[ RUN      ] Collatz.solve_3
[       OK ] Collatz.solve_3 (4 ms)
[ RUN      ] Collatz.solve_4
TestCollatz.c++:166: Failure
Value of: w.str() == "1 2 2\n1 2 2\n"
  Actual: false
Expected: true
[  FAILED  ] Collatz.solve_4 (6 ms)
[----------] 19 tests from Collatz (166 ms total)

[----------] Global test environment tear-down
[==========] 19 tests from 1 test case ran. (207 ms total)
[  PASSED  ] 10 tests.
[  FAILED  ] 9 tests, listed below:
[  FAILED  ] Collatz.eval_1
[  FAILED  ] Collatz.eval_2
[  FAILED  ] Collatz.eval_3
[  FAILED  ] Collatz.eval_4
[  FAILED  ] Collatz.eval_5
[  FAILED  ] Collatz.eval_7
[  FAILED  ] Collatz.solve_1
[  FAILED  ] Collatz.solve_2
[  FAILED  ] Collatz.solve_4

 9 FAILED TESTS